<?xml version="1.0" encoding="UTF-8"?>
<testng-results ignored="0" total="1" passed="1" failed="0" skipped="0">
  <reporter-output>
  </reporter-output>
  <suite started-at="2023-10-23T13:15:02 EET" name="Default suite" finished-at="2023-10-23T13:15:13 EET" duration-ms="11095">
    <groups>
    </groups>
    <test started-at="2023-10-23T13:15:02 EET" name="Default test" finished-at="2023-10-23T13:15:13 EET" duration-ms="11095">
      <class name="TestProject2">
        <test-method is-config="true" signature="MyBeforeTest()[pri:0, instance:TestProject2@76f7d241]" started-at="2023-10-23T13:15:02 EET" name="MyBeforeTest" finished-at="2023-10-23T13:15:13 EET" duration-ms="10959" status="PASS">
          <reporter-output>
          </reporter-output>
        </test-method> <!-- MyBeforeTest -->
        <test-method signature="MyTest()[pri:0, instance:TestProject2@76f7d241]" started-at="2023-10-23T13:15:13 EET" name="MyTest" finished-at="2023-10-23T13:15:13 EET" duration-ms="22" status="PASS">
          <reporter-output>
          </reporter-output>
        </test-method> <!-- MyTest -->
        <test-method is-config="true" signature="MyAfterTest()[pri:0, instance:TestProject2@76f7d241]" started-at="2023-10-23T13:15:13 EET" name="MyAfterTest" finished-at="2023-10-23T13:15:13 EET" duration-ms="1" status="PASS">
          <reporter-output>
          </reporter-output>
        </test-method> <!-- MyAfterTest -->
      </class> <!-- TestProject2 -->
    </test> <!-- Default test -->
  </suite> <!-- Default suite -->
</testng-results>
